{"D:\\code\\rs-react\\src\\App.tsx": {"path":"D:\\code\\rs-react\\src\\App.tsx","statementMap":{"0":{"start":{"line":4,"column":0},"end":{"line":4,"column":null}},"1":{"start":{"line":4,"column":0},"end":{"line":8,"column":null}},"2":{"start":{"line":6,"column":4},"end":{"line":8,"column":10}},"3":{"start":{"line":8,"column":10},"end":{"line":8,"column":null}},"4":{"start":{"line":8,"column":10},"end":{"line":6,"column":12}}},"fnMap":{"0":{"name":"App","decl":{"start":{"line":4,"column":0},"end":{"line":4,"column":null}},"loc":{"start":{"line":4,"column":0},"end":{"line":8,"column":null}},"line":4}},"branchMap":{"0":{"loc":{"start":{"line":4,"column":0},"end":{"line":8,"column":null}},"type":"if","locations":[{"start":{"line":4,"column":0},"end":{"line":8,"column":null}},{"start":{"line":8,"column":10},"end":{"line":8,"column":null}}],"line":4}},"s":{"0":1,"1":1,"2":1,"3":0,"4":1},"f":{"0":1},"b":{"0":[1,0]},"meta":{"lastBranch":1,"lastFunction":1,"lastStatement":5,"seen":{"f:4:0:4:Infinity":0,"s:4:0:4:Infinity":0,"b:4:0:8:Infinity:8:10:8:Infinity":0,"s:4:0:8:Infinity":1,"s:6:4:8:10":2,"s:8:10:8:Infinity":3,"s:8:10:6:12":4}}}
,"D:\\code\\rs-react\\src\\api\\services\\cards.service.ts": {"path":"D:\\code\\rs-react\\src\\api\\services\\cards.service.ts","statementMap":{"0":{"start":{"line":6,"column":4},"end":{"line":13,"column":null}}},"fnMap":{"0":{"name":"(anonymous_0)","decl":{"start":{"line":5,"column":2},"end":{"line":5,"column":17}},"loc":{"start":{"line":5,"column":41},"end":{"line":14,"column":null}},"line":5}},"branchMap":{},"s":{"0":1},"f":{"0":1},"b":{},"meta":{"lastBranch":0,"lastFunction":1,"lastStatement":1,"seen":{"f:5:2:5:17":0,"s:6:4:13:Infinity":0}}}
,"D:\\code\\rs-react\\src\\api\\services\\receive.service.ts": {"path":"D:\\code\\rs-react\\src\\api\\services\\receive.service.ts","statementMap":{"0":{"start":{"line":4,"column":20},"end":{"line":4,"column":null}},"1":{"start":{"line":5,"column":33},"end":{"line":5,"column":null}},"2":{"start":{"line":12,"column":21},"end":{"line":12,"column":null}},"3":{"start":{"line":13,"column":4},"end":{"line":13,"column":null}},"4":{"start":{"line":17,"column":4},"end":{"line":19,"column":null}},"5":{"start":{"line":18,"column":6},"end":{"line":18,"column":null}},"6":{"start":{"line":20,"column":4},"end":{"line":20,"column":null}},"7":{"start":{"line":24,"column":20},"end":{"line":24,"column":null}},"8":{"start":{"line":25,"column":4},"end":{"line":29,"column":null}},"9":{"start":{"line":26,"column":6},"end":{"line":28,"column":null}},"10":{"start":{"line":27,"column":8},"end":{"line":27,"column":null}},"11":{"start":{"line":30,"column":4},"end":{"line":30,"column":null}},"12":{"start":{"line":34,"column":4},"end":{"line":36,"column":null}},"13":{"start":{"line":35,"column":6},"end":{"line":35,"column":null}},"14":{"start":{"line":37,"column":4},"end":{"line":37,"column":null}},"15":{"start":{"line":41,"column":21},"end":{"line":41,"column":null}},"16":{"start":{"line":42,"column":4},"end":{"line":42,"column":null}},"17":{"start":{"line":45,"column":21},"end":{"line":45,"column":null}},"18":{"start":{"line":46,"column":4},"end":{"line":46,"column":null}}},"fnMap":{"0":{"name":"(anonymous_0)","decl":{"start":{"line":9,"column":10},"end":{"line":9,"column":24}},"loc":{"start":{"line":9,"column":24},"end":{"line":9,"column":null}},"line":9},"1":{"name":"(anonymous_1)","decl":{"start":{"line":11,"column":8},"end":{"line":11,"column":15}},"loc":{"start":{"line":11,"column":15},"end":{"line":14,"column":null}},"line":11},"2":{"name":"(anonymous_2)","decl":{"start":{"line":16,"column":2},"end":{"line":16,"column":33}},"loc":{"start":{"line":16,"column":33},"end":{"line":21,"column":null}},"line":16},"3":{"name":"(anonymous_3)","decl":{"start":{"line":23,"column":2},"end":{"line":23,"column":25}},"loc":{"start":{"line":23,"column":51},"end":{"line":31,"column":null}},"line":23},"4":{"name":"(anonymous_4)","decl":{"start":{"line":26,"column":28},"end":{"line":26,"column":29}},"loc":{"start":{"line":27,"column":8},"end":{"line":27,"column":null}},"line":27},"5":{"name":"(anonymous_5)","decl":{"start":{"line":33,"column":9},"end":{"line":33,"column":23}},"loc":{"start":{"line":33,"column":23},"end":{"line":38,"column":null}},"line":33},"6":{"name":"(anonymous_6)","decl":{"start":{"line":40,"column":8},"end":{"line":40,"column":38}},"loc":{"start":{"line":40,"column":38},"end":{"line":43,"column":null}},"line":40},"7":{"name":"(anonymous_7)","decl":{"start":{"line":44,"column":8},"end":{"line":44,"column":21}},"loc":{"start":{"line":44,"column":48},"end":{"line":47,"column":null}},"line":44}},"branchMap":{"0":{"loc":{"start":{"line":17,"column":4},"end":{"line":19,"column":null}},"type":"if","locations":[{"start":{"line":17,"column":4},"end":{"line":19,"column":null}},{"start":{},"end":{}}],"line":17},"1":{"loc":{"start":{"line":25,"column":4},"end":{"line":29,"column":null}},"type":"if","locations":[{"start":{"line":25,"column":4},"end":{"line":29,"column":null}},{"start":{},"end":{}}],"line":25},"2":{"loc":{"start":{"line":30,"column":11},"end":{"line":30,"column":null}},"type":"binary-expr","locations":[{"start":{"line":30,"column":11},"end":{"line":30,"column":32}},{"start":{"line":30,"column":32},"end":{"line":30,"column":null}}],"line":30},"3":{"loc":{"start":{"line":34,"column":4},"end":{"line":36,"column":null}},"type":"if","locations":[{"start":{"line":34,"column":4},"end":{"line":36,"column":null}},{"start":{},"end":{}}],"line":34}},"s":{"0":6,"1":6,"2":2,"3":2,"4":10,"5":1,"6":9,"7":6,"8":6,"9":1,"10":1,"11":5,"12":6,"13":3,"14":6,"15":2,"16":2,"17":0,"18":0},"f":{"0":3,"1":2,"2":10,"3":6,"4":1,"5":6,"6":2,"7":0},"b":{"0":[1,9],"1":[1,5],"2":[5,5],"3":[3,3]},"meta":{"lastBranch":4,"lastFunction":8,"lastStatement":19,"seen":{"s:4:20:4:Infinity":0,"s:5:33:5:Infinity":1,"f:9:10:9:24":0,"f:11:8:11:15":1,"s:12:21:12:Infinity":2,"s:13:4:13:Infinity":3,"f:16:2:16:33":2,"b:17:4:19:Infinity:undefined:undefined:undefined:undefined":0,"s:17:4:19:Infinity":4,"s:18:6:18:Infinity":5,"s:20:4:20:Infinity":6,"f:23:2:23:25":3,"s:24:20:24:Infinity":7,"b:25:4:29:Infinity:undefined:undefined:undefined:undefined":1,"s:25:4:29:Infinity":8,"s:26:6:28:Infinity":9,"f:26:28:26:29":4,"s:27:8:27:Infinity":10,"s:30:4:30:Infinity":11,"b:30:11:30:32:30:32:30:Infinity":2,"f:33:9:33:23":5,"b:34:4:36:Infinity:undefined:undefined:undefined:undefined":3,"s:34:4:36:Infinity":12,"s:35:6:35:Infinity":13,"s:37:4:37:Infinity":14,"f:40:8:40:38":6,"s:41:21:41:Infinity":15,"s:42:4:42:Infinity":16,"f:44:8:44:21":7,"s:45:21:45:Infinity":17,"s:46:4:46:Infinity":18}}}
,"D:\\code\\rs-react\\src\\components\\card\\Card.tsx": {"path":"D:\\code\\rs-react\\src\\components\\card\\Card.tsx","statementMap":{"0":{"start":{"line":7,"column":17},"end":{"line":7,"column":null}},"1":{"start":{"line":8,"column":4},"end":{"line":24,"column":null}},"2":{"start":{"line":16,"column":12},"end":{"line":21,"column":null}}},"fnMap":{"0":{"name":"(anonymous_0)","decl":{"start":{"line":6,"column":2},"end":{"line":6,"column":11}},"loc":{"start":{"line":6,"column":11},"end":{"line":26,"column":null}},"line":6},"1":{"name":"(anonymous_1)","decl":{"start":{"line":15,"column":36},"end":{"line":15,"column":37}},"loc":{"start":{"line":16,"column":12},"end":{"line":21,"column":null}},"line":16}},"branchMap":{},"s":{"0":2,"1":2,"2":12},"f":{"0":2,"1":12},"b":{},"meta":{"lastBranch":0,"lastFunction":2,"lastStatement":3,"seen":{"f:6:2:6:11":0,"s:7:17:7:Infinity":0,"s:8:4:24:Infinity":1,"f:15:36:15:37":1,"s:16:12:21:Infinity":2}}}
,"D:\\code\\rs-react\\src\\components\\card-list\\CardList.tsx": {"path":"D:\\code\\rs-react\\src\\components\\card-list\\CardList.tsx","statementMap":{"0":{"start":{"line":19,"column":4},"end":{"line":19,"column":null}},"1":{"start":{"line":20,"column":4},"end":{"line":20,"column":null}},"2":{"start":{"line":21,"column":4},"end":{"line":21,"column":null}},"3":{"start":{"line":25,"column":4},"end":{"line":30,"column":null}},"4":{"start":{"line":26,"column":6},"end":{"line":29,"column":null}},"5":{"start":{"line":26,"column":32},"end":{"line":29,"column":8}},"6":{"start":{"line":34,"column":19},"end":{"line":34,"column":null}},"7":{"start":{"line":35,"column":4},"end":{"line":35,"column":null}},"8":{"start":{"line":37,"column":4},"end":{"line":52,"column":null}},"9":{"start":{"line":41,"column":25},"end":{"line":41,"column":null}},"10":{"start":{"line":43,"column":12},"end":{"line":46,"column":null}}},"fnMap":{"0":{"name":"(anonymous_0)","decl":{"start":{"line":18,"column":2},"end":{"line":18,"column":14}},"loc":{"start":{"line":18,"column":28},"end":{"line":22,"column":null}},"line":18},"1":{"name":"(anonymous_1)","decl":{"start":{"line":24,"column":2},"end":{"line":24,"column":21}},"loc":{"start":{"line":24,"column":55},"end":{"line":31,"column":null}},"line":24},"2":{"name":"(anonymous_2)","decl":{"start":{"line":26,"column":21},"end":{"line":26,"column":32}},"loc":{"start":{"line":26,"column":32},"end":{"line":29,"column":8}},"line":26},"3":{"name":"(anonymous_3)","decl":{"start":{"line":33,"column":2},"end":{"line":33,"column":11}},"loc":{"start":{"line":33,"column":11},"end":{"line":54,"column":null}},"line":33},"4":{"name":"(anonymous_4)","decl":{"start":{"line":40,"column":21},"end":{"line":40,"column":22}},"loc":{"start":{"line":40,"column":41},"end":{"line":48,"column":11}},"line":40}},"branchMap":{"0":{"loc":{"start":{"line":25,"column":4},"end":{"line":30,"column":null}},"type":"if","locations":[{"start":{"line":25,"column":4},"end":{"line":30,"column":null}},{"start":{},"end":{}}],"line":25},"1":{"loc":{"start":{"line":39,"column":9},"end":{"line":50,"column":null}},"type":"cond-expr","locations":[{"start":{"line":40,"column":10},"end":{"line":48,"column":null}},{"start":{"line":50,"column":10},"end":{"line":50,"column":null}}],"line":39}},"s":{"0":2,"1":2,"2":2,"3":0,"4":0,"5":0,"6":2,"7":2,"8":2,"9":1,"10":1},"f":{"0":2,"1":0,"2":0,"3":2,"4":1},"b":{"0":[0,0],"1":[1,1]},"meta":{"lastBranch":2,"lastFunction":5,"lastStatement":11,"seen":{"f:18:2:18:14":0,"s:19:4:19:Infinity":0,"s:20:4:20:Infinity":1,"s:21:4:21:Infinity":2,"f:24:2:24:21":1,"b:25:4:30:Infinity:undefined:undefined:undefined:undefined":0,"s:25:4:30:Infinity":3,"s:26:6:29:Infinity":4,"f:26:21:26:32":2,"s:26:32:29:8":5,"f:33:2:33:11":3,"s:34:19:34:Infinity":6,"s:35:4:35:Infinity":7,"s:37:4:52:Infinity":8,"b:40:10:48:Infinity:50:10:50:Infinity":1,"f:40:21:40:22":4,"s:41:25:41:Infinity":9,"s:43:12:46:Infinity":10}}}
,"D:\\code\\rs-react\\src\\components\\error-handling\\ErrorHandling.tsx": {"path":"D:\\code\\rs-react\\src\\components\\error-handling\\ErrorHandling.tsx","statementMap":{"0":{"start":{"line":11,"column":4},"end":{"line":11,"column":null}},"1":{"start":{"line":12,"column":4},"end":{"line":15,"column":null}},"2":{"start":{"line":19,"column":4},"end":{"line":22,"column":null}},"3":{"start":{"line":26,"column":4},"end":{"line":34,"column":null}},"4":{"start":{"line":27,"column":19},"end":{"line":31,"column":null}},"5":{"start":{"line":33,"column":6},"end":{"line":33,"column":null}},"6":{"start":{"line":35,"column":4},"end":{"line":35,"column":null}}},"fnMap":{"0":{"name":"(anonymous_0)","decl":{"start":{"line":10,"column":2},"end":{"line":10,"column":14}},"loc":{"start":{"line":10,"column":44},"end":{"line":16,"column":null}},"line":10},"1":{"name":"(anonymous_1)","decl":{"start":{"line":18,"column":2},"end":{"line":18,"column":20}},"loc":{"start":{"line":18,"column":68},"end":{"line":23,"column":null}},"line":18},"2":{"name":"(anonymous_2)","decl":{"start":{"line":25,"column":2},"end":{"line":25,"column":11}},"loc":{"start":{"line":25,"column":11},"end":{"line":36,"column":null}},"line":25}},"branchMap":{"0":{"loc":{"start":{"line":26,"column":4},"end":{"line":34,"column":null}},"type":"if","locations":[{"start":{"line":26,"column":4},"end":{"line":34,"column":null}},{"start":{},"end":{}}],"line":26},"1":{"loc":{"start":{"line":26,"column":8},"end":{"line":26,"column":50}},"type":"binary-expr","locations":[{"start":{"line":26,"column":8},"end":{"line":26,"column":32}},{"start":{"line":26,"column":32},"end":{"line":26,"column":50}}],"line":26}},"s":{"0":7,"1":7,"2":0,"3":26,"4":0,"5":0,"6":26},"f":{"0":7,"1":0,"2":26},"b":{"0":[0,26],"1":[26,0]},"meta":{"lastBranch":2,"lastFunction":3,"lastStatement":7,"seen":{"f:10:2:10:14":0,"s:11:4:11:Infinity":0,"s:12:4:15:Infinity":1,"f:18:2:18:20":1,"s:19:4:22:Infinity":2,"f:25:2:25:11":2,"b:26:4:34:Infinity:undefined:undefined:undefined:undefined":0,"s:26:4:34:Infinity":3,"b:26:8:26:32:26:32:26:50":1,"s:27:19:31:Infinity":4,"s:33:6:33:Infinity":5,"s:35:4:35:Infinity":6}}}
,"D:\\code\\rs-react\\src\\components\\error-handling\\error-btn\\ErrorBtn.tsx": {"path":"D:\\code\\rs-react\\src\\components\\error-handling\\error-btn\\ErrorBtn.tsx","statementMap":{"0":{"start":{"line":4,"column":43},"end":{"line":4,"column":null}},"1":{"start":{"line":6,"column":16},"end":{"line":8,"column":null}},"2":{"start":{"line":7,"column":4},"end":{"line":7,"column":null}},"3":{"start":{"line":11,"column":4},"end":{"line":13,"column":null}},"4":{"start":{"line":12,"column":6},"end":{"line":12,"column":null}},"5":{"start":{"line":14,"column":4},"end":{"line":18,"column":null}}},"fnMap":{"0":{"name":"(anonymous_0)","decl":{"start":{"line":6,"column":16},"end":{"line":6,"column":22}},"loc":{"start":{"line":6,"column":22},"end":{"line":8,"column":null}},"line":6},"1":{"name":"(anonymous_1)","decl":{"start":{"line":10,"column":2},"end":{"line":10,"column":11}},"loc":{"start":{"line":10,"column":11},"end":{"line":20,"column":null}},"line":10}},"branchMap":{"0":{"loc":{"start":{"line":11,"column":4},"end":{"line":13,"column":null}},"type":"if","locations":[{"start":{"line":11,"column":4},"end":{"line":13,"column":null}},{"start":{},"end":{}}],"line":11}},"s":{"0":11,"1":1,"2":1,"3":19,"4":2,"5":17},"f":{"0":1,"1":19},"b":{"0":[2,17]},"meta":{"lastBranch":1,"lastFunction":2,"lastStatement":6,"seen":{"s:4:43:4:Infinity":0,"s:6:16:8:Infinity":1,"f:6:16:6:22":0,"s:7:4:7:Infinity":2,"f:10:2:10:11":1,"b:11:4:13:Infinity:undefined:undefined:undefined:undefined":0,"s:11:4:13:Infinity":3,"s:12:6:12:Infinity":4,"s:14:4:18:Infinity":5}}}
,"D:\\code\\rs-react\\src\\components\\error-handling\\error-card\\ErrorCard.tsx": {"path":"D:\\code\\rs-react\\src\\components\\error-handling\\error-card\\ErrorCard.tsx","statementMap":{"0":{"start":{"line":18,"column":4},"end":{"line":18,"column":null}},"1":{"start":{"line":20,"column":4},"end":{"line":24,"column":null}},"2":{"start":{"line":28,"column":4},"end":{"line":51,"column":null}}},"fnMap":{"0":{"name":"(anonymous_0)","decl":{"start":{"line":17,"column":2},"end":{"line":17,"column":14}},"loc":{"start":{"line":17,"column":37},"end":{"line":25,"column":null}},"line":17},"1":{"name":"(anonymous_1)","decl":{"start":{"line":27,"column":2},"end":{"line":27,"column":11}},"loc":{"start":{"line":27,"column":11},"end":{"line":53,"column":null}},"line":27}},"branchMap":{"0":{"loc":{"start":{"line":23,"column":20},"end":{"line":23,"column":null}},"type":"binary-expr","locations":[{"start":{"line":23,"column":20},"end":{"line":23,"column":43}},{"start":{"line":23,"column":43},"end":{"line":23,"column":null}}],"line":23}},"s":{"0":1,"1":1,"2":1},"f":{"0":1,"1":1},"b":{"0":[1,0]},"meta":{"lastBranch":1,"lastFunction":2,"lastStatement":3,"seen":{"f:17:2:17:14":0,"s:18:4:18:Infinity":0,"s:20:4:24:Infinity":1,"b:23:20:23:43:23:43:23:Infinity":0,"f:27:2:27:11":1,"s:28:4:51:Infinity":2}}}
,"D:\\code\\rs-react\\src\\components\\loader\\Loader.tsx": {"path":"D:\\code\\rs-react\\src\\components\\loader\\Loader.tsx","statementMap":{"0":{"start":{"line":6,"column":4},"end":{"line":17,"column":null}}},"fnMap":{"0":{"name":"(anonymous_0)","decl":{"start":{"line":5,"column":2},"end":{"line":5,"column":11}},"loc":{"start":{"line":5,"column":11},"end":{"line":19,"column":null}},"line":5}},"branchMap":{},"s":{"0":22},"f":{"0":22},"b":{},"meta":{"lastBranch":0,"lastFunction":1,"lastStatement":1,"seen":{"f:5:2:5:11":0,"s:6:4:17:Infinity":0}}}
,"D:\\code\\rs-react\\src\\components\\result\\Result.tsx": {"path":"D:\\code\\rs-react\\src\\components\\result\\Result.tsx","statementMap":{"0":{"start":{"line":18,"column":4},"end":{"line":18,"column":null}},"1":{"start":{"line":19,"column":4},"end":{"line":22,"column":null}},"2":{"start":{"line":26,"column":4},"end":{"line":37,"column":null}},"3":{"start":{"line":27,"column":6},"end":{"line":30,"column":null}},"4":{"start":{"line":27,"column":32},"end":{"line":30,"column":8}},"5":{"start":{"line":31,"column":6},"end":{"line":36,"column":null}},"6":{"start":{"line":32,"column":8},"end":{"line":35,"column":null}},"7":{"start":{"line":32,"column":34},"end":{"line":35,"column":10}},"8":{"start":{"line":38,"column":4},"end":{"line":40,"column":null}},"9":{"start":{"line":39,"column":6},"end":{"line":39,"column":null}},"10":{"start":{"line":39,"column":32},"end":{"line":39,"column":59}},"11":{"start":{"line":44,"column":4},"end":{"line":57,"column":null}},"12":{"start":{"line":45,"column":6},"end":{"line":45,"column":null}},"13":{"start":{"line":47,"column":6},"end":{"line":55,"column":null}}},"fnMap":{"0":{"name":"(anonymous_0)","decl":{"start":{"line":17,"column":2},"end":{"line":17,"column":14}},"loc":{"start":{"line":17,"column":34},"end":{"line":23,"column":null}},"line":17},"1":{"name":"(anonymous_1)","decl":{"start":{"line":25,"column":2},"end":{"line":25,"column":21}},"loc":{"start":{"line":25,"column":89},"end":{"line":41,"column":null}},"line":25},"2":{"name":"(anonymous_2)","decl":{"start":{"line":27,"column":21},"end":{"line":27,"column":32}},"loc":{"start":{"line":27,"column":32},"end":{"line":30,"column":8}},"line":27},"3":{"name":"(anonymous_3)","decl":{"start":{"line":31,"column":17},"end":{"line":31,"column":23}},"loc":{"start":{"line":31,"column":23},"end":{"line":36,"column":9}},"line":31},"4":{"name":"(anonymous_4)","decl":{"start":{"line":32,"column":23},"end":{"line":32,"column":34}},"loc":{"start":{"line":32,"column":34},"end":{"line":35,"column":10}},"line":32},"5":{"name":"(anonymous_5)","decl":{"start":{"line":39,"column":21},"end":{"line":39,"column":32}},"loc":{"start":{"line":39,"column":32},"end":{"line":39,"column":59}},"line":39},"6":{"name":"(anonymous_6)","decl":{"start":{"line":43,"column":2},"end":{"line":43,"column":11}},"loc":{"start":{"line":43,"column":11},"end":{"line":58,"column":null}},"line":43}},"branchMap":{"0":{"loc":{"start":{"line":26,"column":4},"end":{"line":37,"column":null}},"type":"if","locations":[{"start":{"line":26,"column":4},"end":{"line":37,"column":null}},{"start":{},"end":{}}],"line":26},"1":{"loc":{"start":{"line":38,"column":4},"end":{"line":40,"column":null}},"type":"if","locations":[{"start":{"line":38,"column":4},"end":{"line":40,"column":null}},{"start":{},"end":{}}],"line":38},"2":{"loc":{"start":{"line":44,"column":4},"end":{"line":57,"column":null}},"type":"if","locations":[{"start":{"line":44,"column":4},"end":{"line":57,"column":null}},{"start":{"line":46,"column":11},"end":{"line":57,"column":null}}],"line":44},"3":{"loc":{"start":{"line":49,"column":11},"end":{"line":52,"column":null}},"type":"cond-expr","locations":[{"start":{"line":50,"column":12},"end":{"line":50,"column":null}},{"start":{"line":52,"column":12},"end":{"line":52,"column":null}}],"line":49}},"s":{"0":9,"1":9,"2":28,"3":8,"4":8,"5":8,"6":0,"7":0,"8":28,"9":0,"10":0,"11":37,"12":22,"13":15},"f":{"0":9,"1":28,"2":8,"3":0,"4":0,"5":0,"6":37},"b":{"0":[8,20],"1":[0,28],"2":[22,15],"3":[15,0]},"meta":{"lastBranch":4,"lastFunction":7,"lastStatement":14,"seen":{"f:17:2:17:14":0,"s:18:4:18:Infinity":0,"s:19:4:22:Infinity":1,"f:25:2:25:21":1,"b:26:4:37:Infinity:undefined:undefined:undefined:undefined":0,"s:26:4:37:Infinity":2,"s:27:6:30:Infinity":3,"f:27:21:27:32":2,"s:27:32:30:8":4,"s:31:6:36:Infinity":5,"f:31:17:31:23":3,"s:32:8:35:Infinity":6,"f:32:23:32:34":4,"s:32:34:35:10":7,"b:38:4:40:Infinity:undefined:undefined:undefined:undefined":1,"s:38:4:40:Infinity":8,"s:39:6:39:Infinity":9,"f:39:21:39:32":5,"s:39:32:39:59":10,"f:43:2:43:11":6,"b:44:4:57:Infinity:46:11:57:Infinity":2,"s:44:4:57:Infinity":11,"s:45:6:45:Infinity":12,"s:47:6:55:Infinity":13,"b:50:12:50:Infinity:52:12:52:Infinity":3}}}
,"D:\\code\\rs-react\\src\\components\\search\\Search.tsx": {"path":"D:\\code\\rs-react\\src\\components\\search\\Search.tsx","statementMap":{"0":{"start":{"line":18,"column":11},"end":{"line":35,"column":null}},"1":{"start":{"line":13,"column":4},"end":{"line":13,"column":null}},"2":{"start":{"line":14,"column":4},"end":{"line":14,"column":null}},"3":{"start":{"line":15,"column":4},"end":{"line":15,"column":null}},"4":{"start":{"line":19,"column":4},"end":{"line":33,"column":null}},"5":{"start":{"line":29,"column":66},"end":{"line":29,"column":99}}},"fnMap":{"0":{"name":"(anonymous_0)","decl":{"start":{"line":12,"column":2},"end":{"line":12,"column":14}},"loc":{"start":{"line":12,"column":28},"end":{"line":16,"column":null}},"line":12},"1":{"name":"(anonymous_1)","decl":{"start":{"line":18,"column":11},"end":{"line":18,"column":17}},"loc":{"start":{"line":18,"column":17},"end":{"line":35,"column":null}},"line":18},"2":{"name":"(anonymous_2)","decl":{"start":{"line":29,"column":24},"end":{"line":29,"column":25}},"loc":{"start":{"line":29,"column":66},"end":{"line":29,"column":99}},"line":29}},"branchMap":{"0":{"loc":{"start":{"line":14,"column":26},"end":{"line":14,"column":44}},"type":"binary-expr","locations":[{"start":{"line":14,"column":26},"end":{"line":14,"column":41}},{"start":{"line":14,"column":41},"end":{"line":14,"column":44}}],"line":14},"1":{"loc":{"start":{"line":28,"column":28},"end":{"line":28,"column":null}},"type":"binary-expr","locations":[{"start":{"line":28,"column":28},"end":{"line":28,"column":48}},{"start":{"line":28,"column":48},"end":{"line":28,"column":null}}],"line":28}},"s":{"0":28,"1":9,"2":9,"3":9,"4":28,"5":12},"f":{"0":9,"1":28,"2":12},"b":{"0":[9,5],"1":[28,13]},"meta":{"lastBranch":2,"lastFunction":3,"lastStatement":6,"seen":{"s:18:11:35:Infinity":0,"f:12:2:12:14":0,"s:13:4:13:Infinity":1,"s:14:4:14:Infinity":2,"b:14:26:14:41:14:41:14:44":0,"s:15:4:15:Infinity":3,"f:18:11:18:17":1,"s:19:4:33:Infinity":4,"b:28:28:28:48:28:48:28:Infinity":1,"f:29:24:29:25":2,"s:29:66:29:99":5}}}
,"D:\\code\\rs-react\\src\\layout\\pages\\home.tsx": {"path":"D:\\code\\rs-react\\src\\layout\\pages\\home.tsx","statementMap":{"0":{"start":{"line":18,"column":4},"end":{"line":18,"column":null}},"1":{"start":{"line":19,"column":4},"end":{"line":19,"column":null}},"2":{"start":{"line":21,"column":4},"end":{"line":24,"column":null}},"3":{"start":{"line":28,"column":4},"end":{"line":36,"column":null}},"4":{"start":{"line":29,"column":6},"end":{"line":35,"column":null}},"5":{"start":{"line":30,"column":26},"end":{"line":30,"column":null}},"6":{"start":{"line":31,"column":8},"end":{"line":34,"column":null}},"7":{"start":{"line":31,"column":34},"end":{"line":34,"column":10}},"8":{"start":{"line":40,"column":24},"end":{"line":40,"column":null}},"9":{"start":{"line":41,"column":4},"end":{"line":46,"column":null}},"10":{"start":{"line":42,"column":6},"end":{"line":45,"column":null}},"11":{"start":{"line":49,"column":4},"end":{"line":49,"column":null}},"12":{"start":{"line":50,"column":4},"end":{"line":50,"column":null}},"13":{"start":{"line":53,"column":4},"end":{"line":66,"column":null}},"14":{"start":{"line":60,"column":16},"end":{"line":60,"column":null}}},"fnMap":{"0":{"name":"(anonymous_0)","decl":{"start":{"line":17,"column":2},"end":{"line":17,"column":14}},"loc":{"start":{"line":17,"column":44},"end":{"line":25,"column":null}},"line":17},"1":{"name":"(anonymous_1)","decl":{"start":{"line":27,"column":2},"end":{"line":27,"column":21}},"loc":{"start":{"line":27,"column":99},"end":{"line":37,"column":null}},"line":27},"2":{"name":"(anonymous_2)","decl":{"start":{"line":31,"column":23},"end":{"line":31,"column":34}},"loc":{"start":{"line":31,"column":34},"end":{"line":34,"column":10}},"line":31},"3":{"name":"(anonymous_3)","decl":{"start":{"line":39,"column":2},"end":{"line":39,"column":28}},"loc":{"start":{"line":39,"column":28},"end":{"line":47,"column":null}},"line":39},"4":{"name":"(anonymous_4)","decl":{"start":{"line":48,"column":2},"end":{"line":48,"column":17}},"loc":{"start":{"line":48,"column":28},"end":{"line":51,"column":null}},"line":48},"5":{"name":"(anonymous_5)","decl":{"start":{"line":52,"column":2},"end":{"line":52,"column":28}},"loc":{"start":{"line":52,"column":28},"end":{"line":68,"column":null}},"line":52},"6":{"name":"(anonymous_6)","decl":{"start":{"line":59,"column":24},"end":{"line":59,"column":25}},"loc":{"start":{"line":59,"column":39},"end":{"line":61,"column":16}},"line":59}},"branchMap":{"0":{"loc":{"start":{"line":22,"column":13},"end":{"line":22,"column":null}},"type":"binary-expr","locations":[{"start":{"line":22,"column":13},"end":{"line":22,"column":52}},{"start":{"line":22,"column":52},"end":{"line":22,"column":null}}],"line":22},"1":{"loc":{"start":{"line":23,"column":15},"end":{"line":23,"column":null}},"type":"binary-expr","locations":[{"start":{"line":23,"column":15},"end":{"line":23,"column":52}},{"start":{"line":23,"column":52},"end":{"line":23,"column":null}}],"line":23},"2":{"loc":{"start":{"line":28,"column":4},"end":{"line":36,"column":null}},"type":"if","locations":[{"start":{"line":28,"column":4},"end":{"line":36,"column":null}},{"start":{},"end":{}}],"line":28},"3":{"loc":{"start":{"line":29,"column":6},"end":{"line":35,"column":null}},"type":"if","locations":[{"start":{"line":29,"column":6},"end":{"line":35,"column":null}},{"start":{},"end":{}}],"line":29},"4":{"loc":{"start":{"line":41,"column":4},"end":{"line":46,"column":null}},"type":"if","locations":[{"start":{"line":41,"column":4},"end":{"line":46,"column":null}},{"start":{},"end":{}}],"line":41},"5":{"loc":{"start":{"line":63,"column":29},"end":{"line":63,"column":54}},"type":"binary-expr","locations":[{"start":{"line":63,"column":29},"end":{"line":63,"column":51}},{"start":{"line":63,"column":51},"end":{"line":63,"column":54}}],"line":63}},"s":{"0":6,"1":6,"2":6,"3":19,"4":19,"5":8,"6":8,"7":8,"8":6,"9":6,"10":3,"11":8,"12":8,"13":25,"14":8},"f":{"0":6,"1":19,"2":8,"3":6,"4":8,"5":25,"6":8},"b":{"0":[6,3],"1":[6,6],"2":[19,0],"3":[8,11],"4":[3,3],"5":[25,0]},"meta":{"lastBranch":6,"lastFunction":7,"lastStatement":15,"seen":{"f:17:2:17:14":0,"s:18:4:18:Infinity":0,"s:19:4:19:Infinity":1,"s:21:4:24:Infinity":2,"b:22:13:22:52:22:52:22:Infinity":0,"b:23:15:23:52:23:52:23:Infinity":1,"f:27:2:27:21":1,"b:28:4:36:Infinity:undefined:undefined:undefined:undefined":2,"s:28:4:36:Infinity":3,"b:29:6:35:Infinity:undefined:undefined:undefined:undefined":3,"s:29:6:35:Infinity":4,"s:30:26:30:Infinity":5,"s:31:8:34:Infinity":6,"f:31:23:31:34":2,"s:31:34:34:10":7,"f:39:2:39:28":3,"s:40:24:40:Infinity":8,"b:41:4:46:Infinity:undefined:undefined:undefined:undefined":4,"s:41:4:46:Infinity":9,"s:42:6:45:Infinity":10,"f:48:2:48:17":4,"s:49:4:49:Infinity":11,"s:50:4:50:Infinity":12,"f:52:2:52:28":5,"s:53:4:66:Infinity":13,"f:59:24:59:25":6,"s:60:16:60:Infinity":14,"b:63:29:63:51:63:51:63:54":5}}}
}
